#
# There is insufficient memory for the Java Runtime Environment to continue.
# Native memory allocation (mmap) failed to map 67108864 bytes for G1 virtual space
# Possible reasons:
#   The system is out of physical RAM or swap space
#   The process is running with CompressedOops enabled, and the Java Heap may be blocking the growth of the native heap
# Possible solutions:
#   Reduce memory load on the system
#   Increase physical memory or swap space
#   Check if swap backing store is full
#   Decrease Java heap size (-Xmx/-Xms)
#   Decrease number of Java threads
#   Decrease Java thread stack sizes (-Xss)
#   Set larger code cache with -XX:ReservedCodeCacheSize=
#   JVM is running with Unscaled Compressed Oops mode in which the Java heap is
#     placed in the first 4GB address space. The Java Heap base address is the
#     maximum limit for the native heap growth. Please use -XX:HeapBaseMinAddress
#     to set the Java Heap base and to place the Java Heap above 4GB virtual address.
# This output file may be truncated or incomplete.
#
#  Out of Memory Error (os_windows.cpp:3532), pid=13304, tid=17476
#
# JRE version:  (17.0.2+8) (build )
# Java VM: OpenJDK 64-Bit Server VM (17.0.2+8, mixed mode, sharing, tiered, compressed oops, compressed class ptrs, g1 gc, windows-amd64)
# No core dump will be written. Minidumps are not enabled by default on client versions of Windows
#

---------------  S U M M A R Y ------------

Command Line: -Dfile.encoding=Cp1252 -XX:+ShowCodeDetailsInExceptionMessages three_states_client.Client

Host: Intel(R) Core(TM) i3-8130U CPU @ 2.20GHz, 4 cores, 3G,  Windows 11 , 64 bit Build 22621 (10.0.22621.608)
Time: Thu Dec  8 10:13:52 2022 India Standard Time elapsed time: 0.013619 seconds (0d 0h 0m 0s)

---------------  T H R E A D  ---------------

Current thread (0x000001d7b00ba7e0):  JavaThread "Unknown thread" [_thread_in_vm, id=17476, stack(0x000000a071800000,0x000000a071900000)]

Stack: [0x000000a071800000,0x000000a071900000]
Native frames: (J=compiled Java code, j=interpreted, Vv=VM code, C=native code)
V  [jvm.dll+0x67564a]
V  [jvm.dll+0x82fc04]
V  [jvm.dll+0x8313ae]
V  [jvm.dll+0x831a13]
V  [jvm.dll+0x245235]
V  [jvm.dll+0x672539]
V  [jvm.dll+0x666e82]
V  [jvm.dll+0x30401b]
V  [jvm.dll+0x30b566]
V  [jvm.dll+0x35b1fe]
V  [jvm.dll+0x35b42f]
V  [jvm.dll+0x2daf58]
V  [jvm.dll+0x2dbec4]
V  [jvm.dll+0x801881]
V  [jvm.dll+0x368f81]
V  [jvm.dll+0x7e0cdc]
V  [jvm.dll+0x3eb8bf]
V  [jvm.dll+0x3ed441]
C  [jli.dll+0x5277]
C  [ucrtbase.dll+0x29363]
C  [KERNEL32.DLL+0x1244d]
C  [ntdll.dll+0x5df78]


---------------  P R O C E S S  ---------------

Threads class SMR info:
_java_thread_list=0x00007ffde5265e98, length=0, elements={
}

Java Threads: ( => current thread )

Other Threads:
  0x000001d7b022add0 GCTaskThread "GC Thread#0" [stack: 0x000000a071900000,0x000000a071a00000] [id=17012]
  0x000001d7b0233960 ConcurrentGCThread "G1 Main Marker" [stack: 0x000000a071a00000,0x000000a071b00000] [id=16340]
  0x000001d7b0236ab0 ConcurrentGCThread "G1 Conc#0" [stack: 0x000000a071b00000,0x000000a071c00000] [id=17756]

[error occurred during error reporting (printing all threads), id 0xc0000005, EXCEPTION_ACCESS_VIOLATION (0xc0000005) at pc=0x00007ffde4a3b9d7]

VM state: not at safepoint (not fully initialized)

VM Mutex/Monitor currently owned by a thread:  ([mutex/lock_event])
[0x000001d7b01fc9a0] Heap_lock - owner thread: 0x000001d7b00ba7e0

Heap address: 0x00000000c1600000, size: 1002 MB, Compressed Oops mode: 32-bit

CDS archive(s) mapped at: [0x0000000000000000-0x0000000000000000-0x0000000000000000), size 0, SharedBaseAddress: 0x0000000800000000, ArchiveRelocationMode: 0.
Narrow klass base: 0x0000000000000000, Narrow klass shift: 0, Narrow klass range: 0x0

GC Precious Log:
<Empty>

Heap:
 garbage-first heap   total 0K, used 0K [0x00000000c1600000, 0x0000000100000000)
  region size 1024K, 0 young (0K), 0 survivors (0K)

[error occurred during error reporting (printing heap information), id 0xc0000005, EXCEPTION_ACCESS_VIOLATION (0xc0000005) at pc=0x00007ffde4e1e899]

GC Heap History (0 events):
No events

Deoptimization events (0 events):
No events

Classes unloaded (0 events):
No events

Classes redefined (0 events):
No events

Internal exceptions (0 events):
No events

VM Operations (0 events):
No events

Events (1 events):
Event: 0.008 Loaded shared library D:\Desktop\animesh\sts-4.14.0.RELEASE\plugins\org.eclipse.justj.openjdk.hotspot.jre.full.win32.x86_64_17.0.2.v20220201-1208\jre\bin\java.dll


Dynamic libraries:
0x00007ff64a480000 - 0x00007ff64a48e000 	D:\Desktop\animesh\sts-4.14.0.RELEASE\plugins\org.eclipse.justj.openjdk.hotspot.jre.full.win32.x86_64_17.0.2.v20220201-1208\jre\bin\javaw.exe
0x00007ffe55f70000 - 0x00007ffe56184000 	C:\WINDOWS\SYSTEM32\ntdll.dll
0x00007ffe54ac0000 - 0x00007ffe54b82000 	C:\WINDOWS\System32\KERNEL32.DLL
0x00007ffe533a0000 - 0x00007ffe5373c000 	C:\WINDOWS\System32\KERNELBASE.dll
0x00007ffe53740000 - 0x00007ffe53851000 	C:\WINDOWS\System32\ucrtbase.dll
0x00007ffe2c630000 - 0x00007ffe2c648000 	D:\Desktop\animesh\sts-4.14.0.RELEASE\plugins\org.eclipse.justj.openjdk.hotspot.jre.full.win32.x86_64_17.0.2.v20220201-1208\jre\bin\jli.dll
0x00007ffe2c610000 - 0x00007ffe2c629000 	D:\Desktop\animesh\sts-4.14.0.RELEASE\plugins\org.eclipse.justj.openjdk.hotspot.jre.full.win32.x86_64_17.0.2.v20220201-1208\jre\bin\VCRUNTIME140.dll
0x00007ffe54f20000 - 0x00007ffe550ca000 	C:\WINDOWS\System32\USER32.dll
0x00007ffe53d40000 - 0x00007ffe53d66000 	C:\WINDOWS\System32\win32u.dll
0x00007ffe548f0000 - 0x00007ffe54919000 	C:\WINDOWS\System32\GDI32.dll
0x00007ffe3efb0000 - 0x00007ffe3f23e000 	C:\WINDOWS\WinSxS\amd64_microsoft.windows.common-controls_6595b64144ccf1df_6.0.22621.608_none_a9444ca7c10bb01d\COMCTL32.dll
0x00007ffe53ac0000 - 0x00007ffe53bd2000 	C:\WINDOWS\System32\gdi32full.dll
0x00007ffe55a60000 - 0x00007ffe55b07000 	C:\WINDOWS\System32\msvcrt.dll
0x00007ffe53be0000 - 0x00007ffe53c7a000 	C:\WINDOWS\System32\msvcp_win.dll
0x00007ffe55ce0000 - 0x00007ffe55d11000 	C:\WINDOWS\System32\IMM32.DLL
0x00007ffe3c7c0000 - 0x00007ffe3c7cc000 	D:\Desktop\animesh\sts-4.14.0.RELEASE\plugins\org.eclipse.justj.openjdk.hotspot.jre.full.win32.x86_64_17.0.2.v20220201-1208\jre\bin\vcruntime140_1.dll
0x00007ffe12800000 - 0x00007ffe12891000 	D:\Desktop\animesh\sts-4.14.0.RELEASE\plugins\org.eclipse.justj.openjdk.hotspot.jre.full.win32.x86_64_17.0.2.v20220201-1208\jre\bin\msvcp140.dll
0x00007ffde4750000 - 0x00007ffde5397000 	D:\Desktop\animesh\sts-4.14.0.RELEASE\plugins\org.eclipse.justj.openjdk.hotspot.jre.full.win32.x86_64_17.0.2.v20220201-1208\jre\bin\server\jvm.dll
0x00007ffe55480000 - 0x00007ffe5552e000 	C:\WINDOWS\System32\ADVAPI32.dll
0x00007ffe559b0000 - 0x00007ffe55a54000 	C:\WINDOWS\System32\sechost.dll
0x00007ffe549a0000 - 0x00007ffe54ab5000 	C:\WINDOWS\System32\RPCRT4.dll
0x00007ffe55bf0000 - 0x00007ffe55bf8000 	C:\WINDOWS\System32\PSAPI.DLL
0x00007ffe323a0000 - 0x00007ffe323a9000 	C:\WINDOWS\SYSTEM32\WSOCK32.dll
0x00007ffe4df20000 - 0x00007ffe4df54000 	C:\WINDOWS\SYSTEM32\WINMM.dll
0x00007ffe54920000 - 0x00007ffe54991000 	C:\WINDOWS\System32\WS2_32.dll
0x00007ffe4c690000 - 0x00007ffe4c69a000 	C:\WINDOWS\SYSTEM32\VERSION.dll
0x00007ffe52420000 - 0x00007ffe52438000 	C:\WINDOWS\SYSTEM32\kernel.appcore.dll
0x00007ffe4e4a0000 - 0x00007ffe4e4aa000 	D:\Desktop\animesh\sts-4.14.0.RELEASE\plugins\org.eclipse.justj.openjdk.hotspot.jre.full.win32.x86_64_17.0.2.v20220201-1208\jre\bin\jimage.dll
0x00007ffe50e40000 - 0x00007ffe5106e000 	C:\WINDOWS\SYSTEM32\DBGHELP.DLL
0x00007ffe54b90000 - 0x00007ffe54f19000 	C:\WINDOWS\System32\combase.dll
0x00007ffe55380000 - 0x00007ffe55457000 	C:\WINDOWS\System32\OLEAUT32.dll
0x00007ffe36970000 - 0x00007ffe369a2000 	C:\WINDOWS\SYSTEM32\dbgcore.DLL
0x00007ffe53860000 - 0x00007ffe538db000 	C:\WINDOWS\System32\bcryptPrimitives.dll
0x00007ffe2c710000 - 0x00007ffe2c735000 	D:\Desktop\animesh\sts-4.14.0.RELEASE\plugins\org.eclipse.justj.openjdk.hotspot.jre.full.win32.x86_64_17.0.2.v20220201-1208\jre\bin\java.dll

dbghelp: loaded successfully - version: 4.0.5 - missing functions: none
symbol engine: initialized successfully - sym options: 0x614 - pdb path: .;D:\Desktop\animesh\sts-4.14.0.RELEASE\plugins\org.eclipse.justj.openjdk.hotspot.jre.full.win32.x86_64_17.0.2.v20220201-1208\jre\bin;C:\WINDOWS\SYSTEM32;C:\WINDOWS\WinSxS\amd64_microsoft.windows.common-controls_6595b64144ccf1df_6.0.22621.608_none_a9444ca7c10bb01d;D:\Desktop\animesh\sts-4.14.0.RELEASE\plugins\org.eclipse.justj.openjdk.hotspot.jre.full.win32.x86_64_17.0.2.v20220201-1208\jre\bin\server

VM Arguments:
jvm_args: -Dfile.encoding=Cp1252 -XX:+ShowCodeDetailsInExceptionMessages 
java_command: three_states_client.Client
java_class_path (initial): D:\java coding\Practise\grpexamplepractise\HackerRank\Maven Structure And codes\three_states\target\classes;C:\Users\sejal\.m2\repository\org\springframework\spring-core\6.0.1\spring-core-6.0.1.jar;C:\Users\sejal\.m2\repository\org\springframework\spring-jcl\6.0.1\spring-jcl-6.0.1.jar;C:\Users\sejal\.m2\repository\mysql\mysql-connector-java\8.0.19\mysql-connector-java-8.0.19.jar;C:\Users\sejal\.m2\repository\com\google\protobuf\protobuf-java\3.6.1\protobuf-java-3.6.1.jar;C:\Users\sejal\.m2\repository\org\springframework\spring-context\6.0.1\spring-context-6.0.1.jar;C:\Users\sejal\.m2\repository\org\springframework\spring-aop\6.0.1\spring-aop-6.0.1.jar;C:\Users\sejal\.m2\repository\org\springframework\spring-beans\6.0.1\spring-beans-6.0.1.jar;C:\Users\sejal\.m2\repository\org\springframework\spring-expression\6.0.1\spring-expression-6.0.1.jar;C:\Users\sejal\.m2\repository\org\springframework\spring-context-support\6.0.1\spring-context-support-6.0.1.jar
Launcher Type: SUN_STANDARD

[Global flags]
     intx CICompilerCount                          = 3                                         {product} {ergonomic}
     uint ConcGCThreads                            = 1                                         {product} {ergonomic}
     uint G1ConcRefinementThreads                  = 4                                         {product} {ergonomic}
   size_t G1HeapRegionSize                         = 1048576                                   {product} {ergonomic}
    uintx GCDrainStackTargetSize                   = 64                                        {product} {ergonomic}
   size_t InitialHeapSize                          = 67108864                                  {product} {ergonomic}
   size_t MarkStackSize                            = 4194304                                   {product} {ergonomic}
   size_t MaxHeapSize                              = 1050673152                                {product} {ergonomic}
   size_t MinHeapDeltaBytes                        = 1048576                                   {product} {ergonomic}
   size_t MinHeapSize                              = 8388608                                   {product} {ergonomic}
    uintx NonNMethodCodeHeapSize                   = 5832780                                {pd product} {ergonomic}
    uintx NonProfiledCodeHeapSize                  = 122912730                              {pd product} {ergonomic}
    uintx ProfiledCodeHeapSize                     = 122912730                              {pd product} {ergonomic}
    uintx ReservedCodeCacheSize                    = 251658240                              {pd product} {ergonomic}
     bool SegmentedCodeCache                       = true                                      {product} {ergonomic}
     bool ShowCodeDetailsInExceptionMessages       = true                                   {manageable} {command line}
   size_t SoftMaxHeapSize                          = 1050673152                             {manageable} {ergonomic}
     bool UseCompressedClassPointers               = true                           {product lp64_product} {ergonomic}
     bool UseCompressedOops                        = true                           {product lp64_product} {ergonomic}
     bool UseG1GC                                  = true                                      {product} {ergonomic}
     bool UseLargePagesIndividualAllocation        = false                                  {pd product} {ergonomic}

Logging:
Log output configuration:
 #0: stdout all=warning uptime,level,tags
 #1: stderr all=off uptime,level,tags

Environment Variables:
JAVA_HOME=C:\Program Files\Java\jdk-11
PATH=D:/Desktop/animesh/sts-4.14.0.RELEASE//plugins/org.eclipse.justj.openjdk.hotspot.jre.full.win32.x86_64_17.0.2.v20220201-1208/jre/bin/server;D:/Desktop/animesh/sts-4.14.0.RELEASE//plugins/org.eclipse.justj.openjdk.hotspot.jre.full.win32.x86_64_17.0.2.v20220201-1208/jre/bin;C:\WINDOWS\system32;C:\WINDOWS;C:\WINDOWS\System32\Wbem;C:\WINDOWS\System32\WindowsPowerShell\v1.0\;C:\WINDOWS\System32\OpenSSH\;C:\Program Files\nodejs\;C:\Program Files\Git\cmd;C:\Program Files\dotnet\;C:\Program Files\MySQL\MySQL Shell 8.0\bin\;C:\Users\sejal\AppData\Local\Microsoft\WindowsApps;;C:\Users\sejal\AppData\Local\Programs\Microsoft VS Code\bin;C:\Users\sejal\AppData\Roaming\npm;D:\Desktop\animesh\sts-4.14.0.RELEASE;
USERNAME=Jai
OS=Windows_NT
PROCESSOR_IDENTIFIER=Intel64 Family 6 Model 142 Stepping 10, GenuineIntel



---------------  S Y S T E M  ---------------

OS:
 Windows 11 , 64 bit Build 22621 (10.0.22621.608)
OS uptime: 0 days 23:08 hours

CPU: total 4 (initial active 4) (2 cores per cpu, 2 threads per core) family 6 model 142 stepping 10 microcode 0xea, cx8, cmov, fxsr, ht, mmx, 3dnowpref, sse, sse2, sse3, ssse3, sse4.1, sse4.2, popcnt, lzcnt, tsc, tscinvbit, avx, avx2, aes, erms, clmul, bmi1, bmi2, adx, fma, vzeroupper, clflush, clflushopt

Memory: 4k page, system-wide physical 4007M (374M free)
TotalPageFile size 7545M (AvailPageFile size 50M)
current process WorkingSet (physical memory assigned to process): 10M, peak: 10M
current process commit charge ("private bytes"): 51M, peak: 115M

vm_info: OpenJDK 64-Bit Server VM (17.0.2+8) for windows-amd64 JRE (17.0.2+8), built on Jan 20 2022 04:52:34 by "" with MS VC++ 16.7 (VS2019)

END.
